<?xml version="1.0" encoding="UTF-8"?>
<testsuite xmlns:xsi="http://www.w3.org/2001/XMLSchema-instance" xsi:noNamespaceSchemaLocation="https://maven.apache.org/surefire/maven-surefire-plugin/xsd/surefire-test-report-3.0.xsd" version="3.0" name="com.example.camunda.PaymentWorkerTest" time="0.144" tests="2" errors="0" skipped="0" failures="0">
  <properties>
[...]
</properties>
  <testcase name="shouldFailPaymentForZeroAmount" classname="com.example.camunda.PaymentWorkerTest" time="0.118">
    <system-out><![CDATA[20:22:58.194 [main] INFO com.example.camunda.PaymentWorker -- Processing payment for order: ORD-101 for $0.0
20:22:58.237 [main] INFO com.example.camunda.PaymentWorker -- Payment successful: false, Transaction ID: b5dc977f-0062-41b5-97ad-37f2fd426d32
]]></system-out>
  </testcase>
  <testcase name="shouldReturnSuccessfulPaymentResultForValidAmount" classname="com.example.camunda.PaymentWorkerTest" time="0.001">
    <system-out><![CDATA[20:22:58.248 [main] INFO com.example.camunda.PaymentWorker -- Processing payment for order: ORD-100 for $250.0
20:22:58.249 [main] INFO com.example.camunda.PaymentWorker -- Payment successful: true, Transaction ID: 086dd1f6-14b6-4764-ba06-77aaf6a6ae54
]]></system-out>
  </testcase>
</testsuite>